0 info it worked if it ends with ok
1 verbose cli [ 'node', '/usr/local/bin/npm', 'install', '-g' ]
2 info using npm@1.4.16
3 info using node@v0.10.28
4 verbose node symlink /usr/local/bin/node
5 verbose cache add [ '.', null ]
6 verbose cache add name=undefined spec="." args=[".",null]
7 verbose parsed url { protocol: null,
7 verbose parsed url   slashes: null,
7 verbose parsed url   auth: null,
7 verbose parsed url   host: null,
7 verbose parsed url   port: null,
7 verbose parsed url   hostname: null,
7 verbose parsed url   hash: null,
7 verbose parsed url   search: null,
7 verbose parsed url   query: null,
7 verbose parsed url   pathname: '.',
7 verbose parsed url   path: '.',
7 verbose parsed url   href: '.' }
8 silly lockFile 3a52ce78- .
9 verbose lock . /Users/rstjohn/.npm/3a52ce78-.lock
10 verbose tar pack [ '/Users/rstjohn/.npm/bloop/0.0.1/package.tgz', '.' ]
11 verbose tarball /Users/rstjohn/.npm/bloop/0.0.1/package.tgz
12 verbose folder .
13 info prepublish bloop@0.0.1
14 silly lockFile 1f1177db-tar tar://.
15 verbose lock tar://. /Users/rstjohn/.npm/1f1177db-tar.lock
16 silly lockFile 5d3c6c98-john-npm-bloop-0-0-1-package-tgz tar:///Users/rstjohn/.npm/bloop/0.0.1/package.tgz
17 verbose lock tar:///Users/rstjohn/.npm/bloop/0.0.1/package.tgz /Users/rstjohn/.npm/5d3c6c98-john-npm-bloop-0-0-1-package-tgz.lock
18 silly lockFile 1f1177db-tar tar://.
19 silly lockFile 1f1177db-tar tar://.
20 silly lockFile 5d3c6c98-john-npm-bloop-0-0-1-package-tgz tar:///Users/rstjohn/.npm/bloop/0.0.1/package.tgz
21 silly lockFile 5d3c6c98-john-npm-bloop-0-0-1-package-tgz tar:///Users/rstjohn/.npm/bloop/0.0.1/package.tgz
22 silly lockFile 36352412--rstjohn-npm-bloop-0-0-1-package /Users/rstjohn/.npm/bloop/0.0.1/package
23 verbose lock /Users/rstjohn/.npm/bloop/0.0.1/package /Users/rstjohn/.npm/36352412--rstjohn-npm-bloop-0-0-1-package.lock
24 silly lockFile 36352412--rstjohn-npm-bloop-0-0-1-package /Users/rstjohn/.npm/bloop/0.0.1/package
25 silly lockFile 36352412--rstjohn-npm-bloop-0-0-1-package /Users/rstjohn/.npm/bloop/0.0.1/package
26 silly lockFile 3a52ce78- .
27 silly lockFile 3a52ce78- .
28 silly resolved [ { name: 'bloop',
28 silly resolved     version: '0.0.1',
28 silly resolved     description: 'A set of command-line tools for working with Intel Edison on the PC side',
28 silly resolved     author: { name: 'Rex St John' },
28 silly resolved     engines: { node: '>=0.10' },
28 silly resolved     license: 'MIT',
28 silly resolved     repository:
28 silly resolved      { type: 'git',
28 silly resolved        url: 'https://github.com/rexstjohn/bloop.js.git' },
28 silly resolved     devDependencies: { should: '>= 0.0.1' },
28 silly resolved     scripts: { test: 'make test' },
28 silly resolved     dependencies: { commander: '2.5.x', libnmap: '*' },
28 silly resolved     os: [ 'darwin', 'linux', '!win32' ],
28 silly resolved     bin: { bloop: 'bloop.js' },
28 silly resolved     readme: '# Bloop\nBloop is a CLI tool for help developers work on Intel Edison. Bleep is the partner library which you can use on the Edison board itself. Bloop is specifically meant to help automate basic tasks revolving around connecting to Edison, getting a terminal, copying files to it and SSH-ing into it.\n\n*At this time, only Mac (Yosemite and similar) are supported*\n\n[![npm version](https://badge.fury.io/js/bloop.svg)](http://badge.fury.io/js/bloop)\n\n## Commands:\n\n`$ bloop list`\n\n*List all Intel Edison devices currently connected to your PC via USB Serial.*\n\n*ex.: /dev/cu.usbserial-A402IDV3*\n\n`$ bloop c [-c (copy results to clipboard)]`\n\n*Automatically generates a connect string you can use to talk to Edisons connected to your PC via USB Serial.*\n\n*ex.: screen /dev/cu.usbserial-A402IDV3 115200 -L*\n\n`$ bloop clean [-a (all attached screen processes), -d (all detached screen processes)]`\n\n*Wipes out all existing screen sessions and ensure Edison is ready to connect. Screen has a nasty tendency to leave detatched sessions behind which result in annoying and mysterious errors about "Can\'t find a PTY." Just run bloop clean and you can kill all these detached sessions.*\n\n\n\n## Installation:\n\n`$ npm install -g bloop`\n\n',
28 silly resolved     readmeFilename: 'README.md',
28 silly resolved     gitHead: 'c48b5060af1e2ad99bb5aa4d0db740ca4f6a6eca',
28 silly resolved     bugs: { url: 'https://github.com/rexstjohn/bloop.js/issues' },
28 silly resolved     homepage: 'https://github.com/rexstjohn/bloop.js',
28 silly resolved     _id: 'bloop@0.0.1',
28 silly resolved     _shasum: '004a2ac71f72c1bd86a2ebab9667958719b4901e',
28 silly resolved     _from: '.' } ]
29 info install bloop@0.0.1 into /usr/local/lib
30 info installOne bloop@0.0.1
31 verbose lib/node_modules/bloop unbuild
32 info preuninstall bloop@0.0.1
33 info uninstall bloop@0.0.1
34 verbose true,/usr/local/lib/node_modules,/usr/local/lib/node_modules unbuild bloop@0.0.1
35 verbose /usr/local/bin,[object Object] binRoot
36 info postuninstall bloop@0.0.1
37 verbose tar unpack /Users/rstjohn/.npm/bloop/0.0.1/package.tgz
38 silly lockFile a9cf25c4-usr-local-lib-node-modules-bloop tar:///usr/local/lib/node_modules/bloop
39 verbose lock tar:///usr/local/lib/node_modules/bloop /Users/rstjohn/.npm/a9cf25c4-usr-local-lib-node-modules-bloop.lock
40 silly lockFile 5d3c6c98-john-npm-bloop-0-0-1-package-tgz tar:///Users/rstjohn/.npm/bloop/0.0.1/package.tgz
41 verbose lock tar:///Users/rstjohn/.npm/bloop/0.0.1/package.tgz /Users/rstjohn/.npm/5d3c6c98-john-npm-bloop-0-0-1-package-tgz.lock
42 silly gunzTarPerm modes [ '755', '644' ]
43 silly gunzTarPerm extractEntry package.json
44 silly gunzTarPerm extractEntry .npmignore
45 silly gunzTarPerm extractEntry README.md
46 silly gunzTarPerm extractEntry bloop-cli.js
47 silly gunzTarPerm modified mode [ 'bloop-cli.js', 436, 420 ]
48 silly gunzTarPerm extractEntry bloop.js
49 silly gunzTarPerm modified mode [ 'bloop.js', 436, 420 ]
50 silly lockFile a9cf25c4-usr-local-lib-node-modules-bloop tar:///usr/local/lib/node_modules/bloop
51 silly lockFile a9cf25c4-usr-local-lib-node-modules-bloop tar:///usr/local/lib/node_modules/bloop
52 silly lockFile 5d3c6c98-john-npm-bloop-0-0-1-package-tgz tar:///Users/rstjohn/.npm/bloop/0.0.1/package.tgz
53 silly lockFile 5d3c6c98-john-npm-bloop-0-0-1-package-tgz tar:///Users/rstjohn/.npm/bloop/0.0.1/package.tgz
54 info preinstall bloop@0.0.1
55 verbose readDependencies using package.json deps
56 verbose readDependencies using package.json deps
57 verbose cache add [ 'commander@2.5.x', null ]
58 verbose cache add name=undefined spec="commander@2.5.x" args=["commander@2.5.x",null]
59 verbose parsed url { protocol: null,
59 verbose parsed url   slashes: null,
59 verbose parsed url   auth: null,
59 verbose parsed url   host: null,
59 verbose parsed url   port: null,
59 verbose parsed url   hostname: null,
59 verbose parsed url   hash: null,
59 verbose parsed url   search: null,
59 verbose parsed url   query: null,
59 verbose parsed url   pathname: 'commander@2.5.x',
59 verbose parsed url   path: 'commander@2.5.x',
59 verbose parsed url   href: 'commander@2.5.x' }
60 verbose cache add [ 'libnmap@*', null ]
61 verbose cache add name=undefined spec="libnmap@*" args=["libnmap@*",null]
62 verbose parsed url { protocol: null,
62 verbose parsed url   slashes: null,
62 verbose parsed url   auth: null,
62 verbose parsed url   host: null,
62 verbose parsed url   port: null,
62 verbose parsed url   hostname: null,
62 verbose parsed url   hash: null,
62 verbose parsed url   search: null,
62 verbose parsed url   query: null,
62 verbose parsed url   pathname: 'libnmap@*',
62 verbose parsed url   path: 'libnmap@*',
62 verbose parsed url   href: 'libnmap@*' }
63 verbose cache add name="commander" spec="2.5.x" args=["commander","2.5.x"]
64 verbose parsed url { protocol: null,
64 verbose parsed url   slashes: null,
64 verbose parsed url   auth: null,
64 verbose parsed url   host: null,
64 verbose parsed url   port: null,
64 verbose parsed url   hostname: null,
64 verbose parsed url   hash: null,
64 verbose parsed url   search: null,
64 verbose parsed url   query: null,
64 verbose parsed url   pathname: '2.5.x',
64 verbose parsed url   path: '2.5.x',
64 verbose parsed url   href: '2.5.x' }
65 verbose addNamed [ 'commander', '2.5.x' ]
66 verbose addNamed [ null, '>=2.5.0-0 <2.6.0-0' ]
67 silly lockFile 1faad41d-commander-2-5-x commander@2.5.x
68 verbose lock commander@2.5.x /Users/rstjohn/.npm/1faad41d-commander-2-5-x.lock
69 verbose cache add name="libnmap" spec="*" args=["libnmap","*"]
70 verbose parsed url { protocol: null,
70 verbose parsed url   slashes: null,
70 verbose parsed url   auth: null,
70 verbose parsed url   host: null,
70 verbose parsed url   port: null,
70 verbose parsed url   hostname: null,
70 verbose parsed url   hash: null,
70 verbose parsed url   search: null,
70 verbose parsed url   query: null,
70 verbose parsed url   pathname: '*',
70 verbose parsed url   path: '*',
70 verbose parsed url   href: '*' }
71 verbose addNamed [ 'libnmap', '*' ]
72 verbose addNamed [ null, '*' ]
73 silly lockFile 4f60f133-libnmap libnmap@*
74 verbose lock libnmap@* /Users/rstjohn/.npm/4f60f133-libnmap.lock
75 silly addNameRange { name: 'commander',
75 silly addNameRange   range: '>=2.5.0-0 <2.6.0-0',
75 silly addNameRange   hasData: false }
76 silly addNameRange { name: 'libnmap', range: '*', hasData: false }
77 verbose request where is /libnmap
78 verbose request registry https://registry.npmjs.org/
79 verbose request id befcc51cd363785f
80 verbose url raw /libnmap
81 verbose url resolving [ 'https://registry.npmjs.org/', './libnmap' ]
82 verbose url resolved https://registry.npmjs.org/libnmap
83 verbose request where is https://registry.npmjs.org/libnmap
84 info trying registry request attempt 1 at 18:03:47
85 http GET https://registry.npmjs.org/libnmap
86 verbose request where is /commander
87 verbose request registry https://registry.npmjs.org/
88 verbose url raw /commander
89 verbose url resolving [ 'https://registry.npmjs.org/', './commander' ]
90 verbose url resolved https://registry.npmjs.org/commander
91 verbose request where is https://registry.npmjs.org/commander
92 info trying registry request attempt 1 at 18:03:47
93 verbose etag "6P6NVCVWXETIN7NDOQ9BWSI78"
94 http GET https://registry.npmjs.org/commander
95 http 304 https://registry.npmjs.org/commander
96 silly registry.get cb [ 304,
96 silly registry.get   { date: 'Thu, 27 Nov 2014 02:03:30 GMT',
96 silly registry.get     server: 'Apache',
96 silly registry.get     via: '1.1 varnish',
96 silly registry.get     'last-modified': 'Thu, 27 Nov 2014 02:03:11 GMT',
96 silly registry.get     'cache-control': 'max-age=60',
96 silly registry.get     etag: '"6P6NVCVWXETIN7NDOQ9BWSI78"',
96 silly registry.get     age: '56',
96 silly registry.get     'x-served-by': 'cache-lax1425-LAX',
96 silly registry.get     'x-cache': 'HIT',
96 silly registry.get     'x-cache-hits': '2',
96 silly registry.get     'x-timer': 'S1417053810.494872,VS0,VE0',
96 silly registry.get     vary: 'Accept',
96 silly registry.get     'content-length': '0',
96 silly registry.get     'keep-alive': 'timeout=10, max=50',
96 silly registry.get     connection: 'Keep-Alive' } ]
97 verbose etag https://registry.npmjs.org/commander from cache
98 silly addNameRange number 2 { name: 'commander', range: '>=2.5.0-0 <2.6.0-0', hasData: true }
99 silly addNameRange versions [ 'commander',
99 silly addNameRange   [ '0.0.1',
99 silly addNameRange     '0.0.3',
99 silly addNameRange     '0.0.4',
99 silly addNameRange     '0.0.5',
99 silly addNameRange     '0.1.0',
99 silly addNameRange     '0.2.0',
99 silly addNameRange     '0.2.1',
99 silly addNameRange     '0.3.0',
99 silly addNameRange     '0.3.1',
99 silly addNameRange     '0.3.2',
99 silly addNameRange     '0.3.3',
99 silly addNameRange     '0.4.0',
99 silly addNameRange     '0.4.1',
99 silly addNameRange     '0.4.2',
99 silly addNameRange     '0.4.3',
99 silly addNameRange     '0.5.0',
99 silly addNameRange     '0.5.1',
99 silly addNameRange     '0.6.0',
99 silly addNameRange     '0.6.1',
99 silly addNameRange     '0.5.2',
99 silly addNameRange     '1.0.0',
99 silly addNameRange     '1.0.1',
99 silly addNameRange     '1.0.2',
99 silly addNameRange     '1.0.3',
99 silly addNameRange     '1.0.4',
99 silly addNameRange     '1.0.5',
99 silly addNameRange     '1.1.0',
99 silly addNameRange     '1.1.1',
99 silly addNameRange     '1.2.0',
99 silly addNameRange     '1.3.0',
99 silly addNameRange     '1.3.1',
99 silly addNameRange     '1.3.2',
99 silly addNameRange     '2.0.0',
99 silly addNameRange     '2.1.0',
99 silly addNameRange     '2.2.0',
99 silly addNameRange     '2.3.0',
99 silly addNameRange     '2.4.0',
99 silly addNameRange     '2.5.0' ] ]
100 verbose addNamed [ 'commander', '2.5.0' ]
101 verbose addNamed [ '2.5.0', '2.5.0' ]
102 silly lockFile f6cc2f70-commander-2-5-0 commander@2.5.0
103 verbose lock commander@2.5.0 /Users/rstjohn/.npm/f6cc2f70-commander-2-5-0.lock
104 silly lockFile f6cc2f70-commander-2-5-0 commander@2.5.0
105 silly lockFile f6cc2f70-commander-2-5-0 commander@2.5.0
106 silly lockFile 1faad41d-commander-2-5-x commander@2.5.x
107 silly lockFile 1faad41d-commander-2-5-x commander@2.5.x
108 http 404 https://registry.npmjs.org/libnmap
109 verbose headers { date: 'Thu, 27 Nov 2014 02:03:30 GMT',
109 verbose headers   server: 'CouchDB/1.5.0 (Erlang OTP/R16B03)',
109 verbose headers   'content-type': 'application/json',
109 verbose headers   'cache-control': 'max-age=0',
109 verbose headers   'content-length': '52',
109 verbose headers   'accept-ranges': 'bytes',
109 verbose headers   via: '1.1 varnish',
109 verbose headers   age: '0',
109 verbose headers   'x-served-by': 'cache-lax1434-LAX',
109 verbose headers   'x-cache': 'MISS',
109 verbose headers   'x-cache-hits': '0',
109 verbose headers   'x-timer': 'S1417053810.496593,VS0,VE182',
109 verbose headers   'keep-alive': 'timeout=10, max=50',
109 verbose headers   connection: 'Keep-Alive' }
110 silly registry.get cb [ 404,
110 silly registry.get   { date: 'Thu, 27 Nov 2014 02:03:30 GMT',
110 silly registry.get     server: 'CouchDB/1.5.0 (Erlang OTP/R16B03)',
110 silly registry.get     'content-type': 'application/json',
110 silly registry.get     'cache-control': 'max-age=0',
110 silly registry.get     'content-length': '52',
110 silly registry.get     'accept-ranges': 'bytes',
110 silly registry.get     via: '1.1 varnish',
110 silly registry.get     age: '0',
110 silly registry.get     'x-served-by': 'cache-lax1434-LAX',
110 silly registry.get     'x-cache': 'MISS',
110 silly registry.get     'x-cache-hits': '0',
110 silly registry.get     'x-timer': 'S1417053810.496593,VS0,VE182',
110 silly registry.get     'keep-alive': 'timeout=10, max=50',
110 silly registry.get     connection: 'Keep-Alive' } ]
111 silly lockFile 4f60f133-libnmap libnmap@*
112 silly lockFile 4f60f133-libnmap libnmap@*
113 verbose about to build /usr/local/lib/node_modules/bloop
114 verbose lib/node_modules/bloop unbuild
115 info preuninstall bloop@0.0.1
116 info uninstall bloop@0.0.1
117 verbose true,/usr/local/lib/node_modules,/usr/local/lib/node_modules unbuild bloop@0.0.1
118 verbose /usr/local/bin,[object Object] binRoot
119 info postuninstall bloop@0.0.1
120 error 404 404 Not Found: libnmap
120 error 404
120 error 404 'libnmap' is not in the npm registry.
120 error 404 You should bug the author to publish it
120 error 404 It was specified as a dependency of 'bloop'
120 error 404
120 error 404 Note that you can also install from a
120 error 404 tarball, folder, or http url, or git url.
121 error System Darwin 14.0.0
122 error command "node" "/usr/local/bin/npm" "install" "-g"
123 error cwd /Users/rstjohn/Desktop/Development/bloop
124 error node -v v0.10.28
125 error npm -v 1.4.16
126 error code E404
127 verbose exit [ 1, true ]
